2018-10-30 19:48:09,297 Logging started
2018-10-30 19:49:27,232 type=command userid=UDK4HUDNK command=dislike spreadsheets text=<@UDNRBKCSC> dislike spreadsheets
2018-10-30 19:52:50,688 type=command userid=UDK4HUDNK command=score darren text=<@UDNRBKCSC> score darren
2018-10-30 19:53:01,425 type=command userid=UDK4HUDNK command=score spreadsheets text=<@UDNRBKCSC> score spreadsheets
2018-10-30 19:53:10,085 type=command userid=UDK4HUDNK command=fight zach text=<@UDNRBKCSC> fight Zach
2018-10-30 19:53:20,840 type=command userid=UDK4HUDNK command=help text=<@UDNRBKCSC> help
2018-10-30 19:53:52,028 type=command userid=UDK4HUDNK command=no u text=<@UDNRBKCSC> no u
2018-10-30 19:57:46,534 Logging started
2018-10-30 19:57:53,315 type=command userid=UDK4HUDNK command=hi text=<@UDNRBKCSC> hi
2018-10-30 19:58:20,234 Logging started
2018-10-30 19:58:25,950 type=command userid=UDK4HUDNK command=hi text=<@UDNRBKCSC> hi
2018-10-30 19:58:38,337 type=command userid=UDK4HUDNK command=help text=<@UDNRBKCSC> help
2018-10-30 19:59:03,526 type=command userid=UDK4HUDNK command=no u text=<@UDNRBKCSC> no u
2018-10-30 20:06:30,244 Logging started
2018-10-30 20:06:39,060 type=command userid=UDK4HUDNK command=help text=<@UDNRBKCSC> help
2018-10-30 20:09:17,989 Logging started
2018-10-30 20:09:24,636 type=command userid=UDK4HUDNK command=help text=<@UDNRBKCSC> help
2018-10-30 20:10:39,483 Logging started
2018-10-30 20:10:47,110 type=command userid=UDK4HUDNK command=help text=<@UDNRBKCSC> help
2018-10-30 20:11:09,752 Logging started
2018-10-30 20:11:14,393 type=command userid=UDK4HUDNK command=help text=<@UDNRBKCSC> help
2018-10-30 20:13:06,992 Logging started
2018-10-30 20:13:14,641 type=command userid=UDK4HUDNK command=help text=<@UDNRBKCSC> help
2018-10-30 20:16:08,026 Logging started
2018-10-30 20:16:17,672 type=command userid=UDK4HUDNK command=help text=<@UDNRBKCSC> help
2018-10-30 20:16:30,845 type=command userid=UDK4HUDNK command=ge text=<@UDNRBKCSC> GE
2018-10-30 20:16:43,297 type=command userid=UDK4HUDNK command=wot text=<@UDNRBKCSC> wot
