2018-10-29 16:42:45,536 Logging started
2018-10-29 16:42:45,695 Failed RTM connect
Traceback (most recent call last):
  File "/home/darren/.local/lib/python3.6/site-packages/slackclient/client.py", line 140, in rtm_connect
    self.server.rtm_connect(use_rtm_start=with_team_state, **kwargs)
  File "/home/darren/.local/lib/python3.6/site-packages/slackclient/server.py", line 163, in rtm_connect
    raise SlackLoginError(reply=reply)
slackclient.server.SlackLoginError
2018-10-29 16:44:48,268 Logging started
2018-10-29 16:44:48,438 Failed RTM connect
Traceback (most recent call last):
  File "/home/darren/.local/lib/python3.6/site-packages/slackclient/client.py", line 140, in rtm_connect
    self.server.rtm_connect(use_rtm_start=with_team_state, **kwargs)
  File "/home/darren/.local/lib/python3.6/site-packages/slackclient/server.py", line 163, in rtm_connect
    raise SlackLoginError(reply=reply)
slackclient.server.SlackLoginError
2018-10-29 16:49:09,497 Logging started
2018-10-29 16:50:21,329 type=command userid=UDK4HUDNK command=test text=<@UDNRBKCSC> test
2018-10-29 16:50:32,345 type=command userid=UDK4HUDNK command=like ben text=<@UDNRBKCSC> like Ben
2018-10-29 17:53:40,518 Logging started
2018-10-29 17:53:54,200 type=command userid=UDK4HUDNK command=hello text=<@UDNRBKCSC> hello
2018-10-29 17:54:17,233 type=command userid=UDK4HUDNK command=like mcmonday text=<@UDNRBKCSC> like McMonday
2018-10-29 17:54:53,483 Logging started
2018-10-29 17:55:03,210 type=command userid=UDK4HUDNK command=hello text=<@UDNRBKCSC> hello
2018-10-29 17:56:00,734 Logging started
2018-10-29 17:56:54,994 Logging started
2018-10-29 17:57:10,657 type=command userid=UDK4HUDNK command=like mcmonday text=<@UDNRBKCSC> like McMonday
2018-10-29 17:57:27,766 Logging started
2018-10-29 17:57:56,443 type=command userid=UDK4HUDNK command=like mcmonday text=<@UDNRBKCSC> like McMonday
2018-10-29 18:00:42,526 Logging started
2018-10-29 18:00:54,379 type=command userid=UDK4HUDNK command=like mcmonday text=<@UDNRBKCSC> like McMonday
2018-10-29 18:02:04,754 Logging started
2018-10-29 18:03:40,497 type=command userid=UDK4HUDNK command=like mcmonday text=<@UDNRBKCSC> like McMonday
2018-10-29 18:12:08,790 Logging started
2018-10-29 18:12:21,470 type=command userid=UDK4HUDNK command=like mcmonday text=<@UDNRBKCSC> like McMonday
2018-10-29 18:12:50,520 Logging started
2018-10-29 18:12:55,175 type=command userid=UDK4HUDNK command=like mcmonday text=<@UDNRBKCSC> like McMonday
2018-10-29 18:15:43,035 Logging started
2018-10-29 18:15:48,793 type=command userid=UDK4HUDNK command=like mcmonday text=<@UDNRBKCSC> like McMonday
2018-10-29 18:20:20,744 Logging started
2018-10-29 18:20:34,449 type=command userid=UDK4HUDNK command=like mcmonday text=<@UDNRBKCSC> like McMonday
2018-10-29 18:22:40,991 Logging started
2018-10-29 18:22:47,866 type=command userid=UDK4HUDNK command=like mcmonday text=<@UDNRBKCSC> like McMonday
2018-10-29 18:27:03,734 Logging started
2018-10-29 18:27:10,486 type=command userid=UDK4HUDNK command=like mcmonday text=<@UDNRBKCSC> like McMonday
2018-10-29 18:30:46,022 Logging started
2018-10-29 18:30:54,841 type=command userid=UDK4HUDNK command=like mcmonday text=<@UDNRBKCSC> like McMonday
2018-10-29 18:32:01,986 Logging started
2018-10-29 18:32:08,665 type=command userid=UDK4HUDNK command=like mcmonday text=<@UDNRBKCSC> like McMonday
2018-10-29 18:34:36,759 Logging started
2018-10-29 18:35:42,480 type=command userid=UDK4HUDNK command=like mcmonday text=<@UDNRBKCSC> like McMonday
2018-10-29 18:38:11,485 Logging started
2018-10-29 18:38:21,149 type=command userid=UDK4HUDNK command=like mcmonday text=<@UDNRBKCSC> like McMonday
2018-10-29 18:40:00,274 Logging started
2018-10-29 18:40:11,927 type=command userid=UDK4HUDNK command=like mcmonday text=<@UDNRBKCSC> like McMonday
2018-10-29 18:42:20,489 Logging started
2018-10-29 18:42:32,199 type=command userid=UDK4HUDNK command=like mcmonday text=<@UDNRBKCSC> like McMonday
2018-10-29 18:43:18,244 Logging started
2018-10-29 18:43:23,868 type=command userid=UDK4HUDNK command=like mcmonday text=<@UDNRBKCSC> like McMonday
2018-10-29 18:46:25,797 Logging started
2018-10-29 18:46:33,576 type=command userid=UDK4HUDNK command=like mcmonday text=<@UDNRBKCSC> like McMonday
2018-10-29 18:48:32,748 Logging started
2018-10-29 18:48:37,372 type=command userid=UDK4HUDNK command=like mcmonday text=<@UDNRBKCSC> like McMonday
2018-10-29 18:54:50,994 Logging started
2018-10-29 18:55:04,997 type=command userid=UDK4HUDNK command=like mcmonday text=<@UDNRBKCSC> like McMonday
2018-10-29 18:56:24,230 Logging started
2018-10-29 18:56:34,046 type=command userid=UDK4HUDNK command=scoreboard text=<@UDNRBKCSC> scoreboard
2018-10-29 18:56:42,482 Logging started
2018-10-29 18:56:49,377 type=command userid=UDK4HUDNK command=scoreboard text=<@UDNRBKCSC> scoreboard
2018-10-29 19:00:08,987 Logging started
2018-10-29 19:00:17,845 type=command userid=UDK4HUDNK command=scoreboard text=<@UDNRBKCSC> scoreboard
2018-10-29 19:00:53,490 Logging started
2018-10-29 19:00:59,376 type=command userid=UDK4HUDNK command=scoreboard text=<@UDNRBKCSC> scoreboard
2018-10-29 19:03:40,496 Logging started
2018-10-29 19:03:48,439 type=command userid=UDK4HUDNK command=scoreboard text=<@UDNRBKCSC> scoreboard
2018-10-29 19:04:21,993 Logging started
2018-10-29 19:04:27,643 type=command userid=UDK4HUDNK command=scoreboard text=<@UDNRBKCSC> scoreboard
2018-10-29 19:05:04,736 Logging started
2018-10-29 19:06:07,544 type=command userid=UDK4HUDNK command=scoreboard text=<@UDNRBKCSC> scoreboard
2018-10-29 19:07:42,760 Logging started
2018-10-29 19:08:57,499 type=command userid=UDK4HUDNK command=scoreboard text=<@UDNRBKCSC> scoreboard
2018-10-29 19:10:19,522 Logging started
2018-10-29 19:10:26,168 type=command userid=UDK4HUDNK command=hi text=<@UDNRBKCSC> hi
2018-10-29 19:12:57,759 Logging started
2018-10-29 19:13:49,780 Logging started
2018-10-29 19:13:56,364 type=command userid=UDK4HUDNK command=hi text=<@UDNRBKCSC> hi
2018-10-29 19:14:18,548 type=command userid=UDK4HUDNK command=scoreboard text=<@UDNRBKCSC> scoreboard
2018-10-29 19:14:32,043 type=command userid=UDK4HUDNK command=anti-scoreboard text=<@UDNRBKCSC> anti-scoreboard
2018-10-29 19:14:51,612 type=command userid=UDHHMRJ6N command=scoreboard text=<@UDNRBKCSC> scoreboard
2018-10-29 19:19:17,414 type=command userid=UDHHMRJ6N command=like mcmonday text=<@UDNRBKCSC> like mcmonday
2018-10-29 19:28:10,236 Logging started
2018-10-29 19:28:27,100 type=command userid=UDK4HUDNK command=score darren text=<@UDNRBKCSC> score Darren
2018-10-29 19:28:35,230 Logging started
2018-10-29 19:29:07,278 Logging started
2018-10-29 19:29:13,041 type=command userid=UDK4HUDNK command=score darren text=<@UDNRBKCSC> score Darren
2018-10-29 19:29:23,766 type=command userid=UDK4HUDNK command=score ben text=<@UDNRBKCSC> score ben
2018-10-29 19:30:52,750 Logging started
2018-10-29 19:30:59,496 type=command userid=UDK4HUDNK command=score darren text=<@UDNRBKCSC> score Darren
2018-10-29 19:31:05,170 type=command userid=UDK4HUDNK command=score ben text=<@UDNRBKCSC> score ben
2018-10-29 20:08:00,103 Logging started
2018-10-29 20:09:12,274 type=command userid=UDK4HUDNK command=fight darren text=<@UDNRBKCSC> fight Darren
2018-10-29 20:15:43,242 Logging started
2018-10-29 20:17:00,001 type=command userid=UDK4HUDNK command=fight darren text=<@UDNRBKCSC> fight Darren
2018-10-29 20:17:41,242 type=command userid=UDK4HUDNK command=fight mcmonday text=<@UDNRBKCSC> fight mcmonday
2018-10-29 20:17:55,931 type=command userid=UDK4HUDNK command=scoreboard text=<@UDNRBKCSC> scoreboard
2018-10-29 20:27:25,327 type=command userid=UDK4HUDNK command=love red dead text=<@UDNRBKCSC> love red dead
2018-10-29 20:27:45,823 type=command userid=UDHHMRJ6N command=like red dead text=<@UDNRBKCSC> like red dead
2018-10-29 20:29:11,034 Logging started
2018-10-29 20:30:21,767 type=command userid=UDK4HUDNK command=score red dead text=<@UDNRBKCSC> score red dead
2018-10-29 20:30:39,225 type=command userid=UDHHMRJ6N command=scoreboard text=<@UDNRBKCSC> scoreboard
2018-10-29 20:30:48,655 type=command userid=UDHHMRJ6N command=like darren text=<@UDNRBKCSC> like Darren
2018-10-29 20:32:27,175 type=command userid=UDK4HUDNK command=like red dead text=<@UDNRBKCSC> like red dead
2018-10-29 20:39:35,752 Logging started
2018-10-29 20:40:49,541 type=command userid=UDK4HUDNK command=like read dead text=<@UDNRBKCSC> like read dead
2018-10-29 20:42:23,309 type=command userid=UDK4HUDNK command=like red ded text=<@UDNRBKCSC> like red ded
2018-10-29 20:42:25,779 type=command userid=UDK4HUDNK command=like red dead text=<@UDNRBKCSC> like red dead
2018-10-29 20:44:54,490 type=command userid=UDK4HUDNK command=like red dead text=<@UDNRBKCSC> like red dead
2018-10-29 20:45:01,052 type=command userid=UDK4HUDNK command=like red ded text=<@UDNRBKCSC> like red ded
2018-10-29 20:45:07,522 type=command userid=UDK4HUDNK command=like red ded text=<@UDNRBKCSC> like red ded
2018-10-29 20:45:12,973 type=command userid=UDK4HUDNK command=like red deded text=<@UDNRBKCSC> like red deded
2018-10-29 20:45:52,441 type=command userid=UDK4HUDNK command=like red deaded text=<@UDNRBKCSC> like red deaded
2018-10-29 20:46:39,931 type=command userid=UDK4HUDNK command=like ben text=<@UDNRBKCSC> like Ben
2018-10-29 20:46:55,421 type=command userid=UDK4HUDNK command=like caleb text=<@UDNRBKCSC> like Caleb
2018-10-29 20:47:11,862 type=command userid=UDK4HUDNK command=like ben text=<@UDNRBKCSC> like Ben
2018-10-29 20:47:36,398 type=command userid=UDK4HUDNK command=like me text=<@UDNRBKCSC> like me
2018-10-29 20:54:03,363 Logging started
2018-10-29 20:55:47,296 type=command userid=UDK4HUDNK command=like ben text=<@UDNRBKCSC> like Ben
2018-10-29 20:59:02,744 Logging started
2018-10-29 21:00:14,603 type=command userid=UDK4HUDNK command=like ben text=<@UDNRBKCSC> like Ben
2018-10-29 21:01:14,219 type=command userid=UDK4HUDNK command=like caleb text=<@UDNRBKCSC> like Caleb
2018-10-29 21:02:14,824 type=command userid=UDK4HUDNK command=like caleb text=<@UDNRBKCSC> like Caleb
2018-10-29 21:02:17,299 type=command userid=UDK4HUDNK command=like caleb text=<@UDNRBKCSC> like caleb
2018-10-29 21:02:23,748 type=command userid=UDK4HUDNK command=like xbox text=<@UDNRBKCSC> like xbox
2018-10-29 21:04:36,986 Logging started
2018-10-29 21:06:04,884 type=command userid=UDK4HUDNK command=like xbox text=<@UDNRBKCSC> like xbox
2018-10-29 21:06:27,652 type=command userid=UDK4HUDNK command=like caleb text=<@UDNRBKCSC> like Caleb
2018-10-29 21:06:36,372 type=command userid=UDK4HUDNK command=like xbox text=<@UDNRBKCSC> like xbox
2018-10-29 21:06:54,580 type=command userid=UDK4HUDNK command=like me text=<@UDNRBKCSC> like me
2018-10-29 21:09:02,441 type=command userid=UDHHMRJ6N command=love red dead text=<@UDNRBKCSC> love Red Dead
2018-10-29 21:12:43,561 type=command userid=UDHHMRJ6N command=like xbox text=<@UDNRBKCSC> like xbox
2018-10-29 21:14:58,432 type=command userid=UDK4HUDNK command=fight xbox text=<@UDNRBKCSC> fight xbox
2018-10-29 21:15:08,141 type=command userid=UDHHMRJ6N command=scoreboard text=<@UDNRBKCSC> scoreboard
2018-10-29 21:15:16,532 type=command userid=UDHHMRJ6N command=fight xbox text=<@UDNRBKCSC> fight xbox
